<?xml version="1.0" encoding="UTF-8"?>
<testsuite name="Listeners Test"
           tests="2"
           failures="0"
           errors="0"
           skipped="0"
           time="2.617">
  <properties />
  
  
            <testcase name="userShouldLoginSuccessfullyWithValidCredentials" time="1.730" classname="com.orangehrmlive.testsuite.LoginPageTest" />
                <testcase name="userShouldNavigateToForgotPasswordPageSuccessfully" time="0.887" classname="com.orangehrmlive.testsuite.LoginPageTest" />
      
</testsuite>
